2015-12-01 11:13:09,183 [Worker-77] INFO  o.e.m.c.i.p.ProjectConfigurationManager - Collecting project info '/pom.xml' /Users/denisova/HomeWork/OMF/omf/pom.xml
2015-12-01 11:13:25,531 [Worker-77] INFO  o.e.m.c.i.e.AbstractTransferListenerAdapter - Downloaded http://nexus.dev.yapital.local/content/groups/public/org/apache/maven/plugins/maven-surefire-plugin/2.12.4/maven-surefire-plugin-2.12.4.jar
2015-12-01 11:13:28,461 [Worker-77] INFO  o.e.m.c.i.l.LifecycleMappingFactory - Using org.eclipse.m2e.jdt.JarLifecycleMapping lifecycle mapping for MavenProject: omf:omf:0.0.1-SNAPSHOT @ /Users/denisova/HomeWork/OMF/omf/pom.xml.
2015-12-01 11:13:38,661 [Worker-77] INFO  o.e.m.c.i.e.AbstractTransferListenerAdapter - Downloaded http://nexus.dev.yapital.local/content/groups/public/org/apache/maven/plugins/maven-surefire-plugin/2.12.4/maven-surefire-plugin-2.12.4.pom
2015-12-01 11:13:39,468 [Worker-77] INFO  o.e.m.j.i.AbstractJavaProjectConfigurator - Adding source folder /omf/src/main/java
2015-12-01 11:13:39,471 [Worker-77] INFO  o.e.m.j.i.AbstractJavaProjectConfigurator - Adding source folder /omf/src/test/java
2015-12-01 11:13:39,766 [Worker-77] INFO  o.e.m.c.i.p.ProjectConfigurationManager - Imported and configured 1 project(s) in 30 sec
2015-12-01 11:13:42,758 [Worker-74] INFO  o.e.m.c.i.embedder.EclipseLogger - Using 'UTF-8' encoding to copy filtered resources.
2015-12-01 11:13:42,759 [Worker-74] INFO  o.e.m.c.i.embedder.EclipseLogger - skip non existing resourceDirectory /Users/denisova/HomeWork/OMF/omf/src/main/resources
2015-12-01 11:13:42,762 [Worker-74] INFO  o.e.m.c.i.embedder.EclipseLogger - Using 'UTF-8' encoding to copy filtered resources.
2015-12-01 11:13:42,763 [Worker-74] INFO  o.e.m.c.i.embedder.EclipseLogger - skip non existing resourceDirectory /Users/denisova/HomeWork/OMF/omf/src/test/resources
2015-12-01 11:14:38,258 [Worker-74] INFO  o.e.m.c.i.embedder.EclipseLogger - Using 'UTF-8' encoding to copy filtered resources.
2015-12-01 11:14:38,258 [Worker-74] INFO  o.e.m.c.i.embedder.EclipseLogger - skip non existing resourceDirectory /Users/denisova/HomeWork/OMF/omf/src/main/resources
2015-12-01 11:14:38,261 [Worker-74] INFO  o.e.m.c.i.embedder.EclipseLogger - Using 'UTF-8' encoding to copy filtered resources.
2015-12-01 11:14:38,261 [Worker-74] INFO  o.e.m.c.i.embedder.EclipseLogger - skip non existing resourceDirectory /Users/denisova/HomeWork/OMF/omf/src/test/resources
2015-12-01 11:15:03,303 [Worker-74] INFO  o.e.m.c.i.embedder.EclipseLogger - Using 'UTF-8' encoding to copy filtered resources.
2015-12-01 11:15:03,303 [Worker-74] INFO  o.e.m.c.i.embedder.EclipseLogger - skip non existing resourceDirectory /Users/denisova/HomeWork/OMF/omf/src/main/resources
2015-12-01 11:15:03,305 [Worker-74] INFO  o.e.m.c.i.embedder.EclipseLogger - Using 'UTF-8' encoding to copy filtered resources.
2015-12-01 11:15:03,306 [Worker-74] INFO  o.e.m.c.i.embedder.EclipseLogger - skip non existing resourceDirectory /Users/denisova/HomeWork/OMF/omf/src/test/resources
2015-12-01 11:15:25,929 [Worker-74] INFO  o.e.m.c.i.embedder.EclipseLogger - Using 'UTF-8' encoding to copy filtered resources.
2015-12-01 11:15:25,930 [Worker-74] INFO  o.e.m.c.i.embedder.EclipseLogger - skip non existing resourceDirectory /Users/denisova/HomeWork/OMF/omf/src/main/resources
2015-12-01 11:15:25,932 [Worker-74] INFO  o.e.m.c.i.embedder.EclipseLogger - Using 'UTF-8' encoding to copy filtered resources.
2015-12-01 11:15:25,932 [Worker-74] INFO  o.e.m.c.i.embedder.EclipseLogger - skip non existing resourceDirectory /Users/denisova/HomeWork/OMF/omf/src/test/resources
2015-12-01 11:15:52,468 [Worker-77] INFO  o.e.m.c.i.embedder.EclipseLogger - Using 'UTF-8' encoding to copy filtered resources.
2015-12-01 11:15:52,468 [Worker-77] INFO  o.e.m.c.i.embedder.EclipseLogger - skip non existing resourceDirectory /Users/denisova/HomeWork/OMF/omf/src/main/resources
2015-12-01 11:15:52,470 [Worker-77] INFO  o.e.m.c.i.embedder.EclipseLogger - Using 'UTF-8' encoding to copy filtered resources.
2015-12-01 11:15:52,471 [Worker-77] INFO  o.e.m.c.i.embedder.EclipseLogger - skip non existing resourceDirectory /Users/denisova/HomeWork/OMF/omf/src/test/resources
2015-12-01 11:18:10,688 [Worker-78] INFO  o.e.m.c.i.e.AbstractTransferListenerAdapter - Downloaded http://nexus.dev.yapital.local/content/groups/public/org/apache/maven/plugins/maven-failsafe-plugin/2.18.1/maven-failsafe-plugin-2.18.1.pom
2015-12-01 11:18:10,703 [Worker-78] INFO  o.e.m.c.i.l.LifecycleMappingFactory - Using org.eclipse.m2e.jdt.JarLifecycleMapping lifecycle mapping for MavenProject: omf:omf:0.0.1-SNAPSHOT @ /Users/denisova/HomeWork/OMF/omf/pom.xml.
2015-12-01 11:18:20,734 [Worker-78] INFO  o.e.m.c.i.e.AbstractTransferListenerAdapter - Downloaded http://nexus.dev.yapital.local/content/groups/public/net/serenity-bdd/core/1.0.44/core-1.0.44.pom
2015-12-01 11:18:30,741 [Worker-78] INFO  o.e.m.c.i.e.AbstractTransferListenerAdapter - Downloaded http://nexus.dev.yapital.local/content/groups/public/org/slf4j/slf4j-simple/1.7.7/slf4j-simple-1.7.7.pom
2015-12-01 11:18:45,755 [Worker-78] INFO  o.e.m.c.i.e.AbstractTransferListenerAdapter - Downloaded http://nexus.dev.yapital.local/content/groups/public/net/serenity-bdd/serenity-junit/1.0.44/serenity-junit-1.0.44.pom
2015-12-01 11:18:55,876 [Worker-78] INFO  o.e.m.c.i.e.AbstractTransferListenerAdapter - Downloaded http://nexus.dev.yapital.local/content/groups/public/org/assertj/assertj-core/1.7.0/assertj-core-1.7.0.pom
2015-12-01 11:23:09,956 [Worker-80] ERROR o.e.m.c.i.p.ProjectConfigurationManager - Unable to create project from archetype [org.apache.maven.archetypes:maven-archetype-quickstart:1.1]
org.apache.maven.archetype.old.ArchetypeTemplateProcessingException: Directory omf already exists - please run from a clean directory
	at org.apache.maven.archetype.old.DefaultOldArchetype.createArchetype(DefaultOldArchetype.java:245) ~[archetype-common-2.3.jar:2.3]
	at org.apache.maven.archetype.generator.DefaultArchetypeGenerator.processOldArchetype(DefaultArchetypeGenerator.java:135) ~[archetype-common-2.3.jar:2.3]
	at org.apache.maven.archetype.generator.DefaultArchetypeGenerator.generateArchetype(DefaultArchetypeGenerator.java:104) ~[archetype-common-2.3.jar:2.3]
	at org.apache.maven.archetype.generator.DefaultArchetypeGenerator.generateArchetype(DefaultArchetypeGenerator.java:143) ~[archetype-common-2.3.jar:2.3]
	at org.apache.maven.archetype.generator.DefaultArchetypeGenerator.generateArchetype(DefaultArchetypeGenerator.java:169) ~[archetype-common-2.3.jar:2.3]
	at org.apache.maven.archetype.DefaultArchetypeManager.generateProjectFromArchetype(DefaultArchetypeManager.java:73) ~[archetype-common-2.3.jar:2.3]
	at org.eclipse.m2e.core.internal.project.ProjectConfigurationManager.createArchetypeProjects0(ProjectConfigurationManager.java:811) [org.eclipse.m2e.core_1.6.0.20150526-2032.jar:na]
	at org.eclipse.m2e.core.internal.project.ProjectConfigurationManager$5.call(ProjectConfigurationManager.java:760) [org.eclipse.m2e.core_1.6.0.20150526-2032.jar:na]
	at org.eclipse.m2e.core.internal.project.ProjectConfigurationManager$5.call(ProjectConfigurationManager.java:1) [org.eclipse.m2e.core_1.6.0.20150526-2032.jar:na]
	at org.eclipse.m2e.core.internal.embedder.MavenExecutionContext.executeBare(MavenExecutionContext.java:176) [org.eclipse.m2e.core_1.6.0.20150526-2032.jar:na]
	at org.eclipse.m2e.core.internal.embedder.MavenExecutionContext.execute(MavenExecutionContext.java:151) [org.eclipse.m2e.core_1.6.0.20150526-2032.jar:na]
	at org.eclipse.m2e.core.internal.embedder.MavenExecutionContext.execute(MavenExecutionContext.java:99) [org.eclipse.m2e.core_1.6.0.20150526-2032.jar:na]
	at org.eclipse.m2e.core.internal.embedder.MavenImpl.execute(MavenImpl.java:1355) [org.eclipse.m2e.core_1.6.0.20150526-2032.jar:na]
	at org.eclipse.m2e.core.internal.project.ProjectConfigurationManager.createArchetypeProjects(ProjectConfigurationManager.java:758) [org.eclipse.m2e.core_1.6.0.20150526-2032.jar:na]
	at org.eclipse.m2e.core.ui.internal.wizards.MavenProjectWizard$5.doCreateMavenProjects(MavenProjectWizard.java:243) [org.eclipse.m2e.core.ui_1.6.0.20150526-2032.jar:na]
	at org.eclipse.m2e.core.ui.internal.wizards.AbstractCreateMavenProjectJob$1.doCreateMavenProjects(AbstractCreateMavenProjectJob.java:50) [org.eclipse.m2e.core.ui_1.6.0.20150526-2032.jar:na]
	at org.eclipse.m2e.core.ui.internal.wizards.AbstractCreateMavenProjectsOperation.run(AbstractCreateMavenProjectsOperation.java:62) [org.eclipse.m2e.core.ui_1.6.0.20150526-2032.jar:na]
	at org.eclipse.m2e.core.ui.internal.wizards.AbstractCreateMavenProjectJob.runInWorkspace(AbstractCreateMavenProjectJob.java:54) [org.eclipse.m2e.core.ui_1.6.0.20150526-2032.jar:na]
	at org.eclipse.core.internal.resources.InternalWorkspaceJob.run(InternalWorkspaceJob.java:39) [org.eclipse.core.resources_3.10.0.v20150423-0755.jar:na]
	at org.eclipse.core.internal.jobs.Worker.run(Worker.java:55) [org.eclipse.core.jobs_3.7.0.v20150330-2103.jar:na]
